<?xml version="1.0" encoding="UTF-8"?>
<!-- Generated by org.testng.reporters.JUnitXMLReporter -->
<testsuite hostname="LAPTOP-MEFUCMGN" ignored="0" name="Cukes - Search" tests="2" failures="0" timestamp="2021-04-08T20:05:24 IST" time="197.08" errors="0">
  <testcase name="runScenario" time="28.262" classname="io.cucumber.testng.AbstractTestNGCucumberTests"/>
  <testcase name="runScenario" time="16.825" classname="io.cucumber.testng.AbstractTestNGCucumberTests"/>
</testsuite> <!-- Cukes - Search -->
