<?xml version="1.0" encoding="UTF-8"?>
<!-- Generated by org.testng.reporters.JUnitXMLReporter -->
<testsuite hostname="LAPTOP-MEFUCMGN" ignored="0" name="HomeTests" tests="3" failures="0" timestamp="2021-04-07T18:06:09 IST" time="125.821" errors="0">
  <testcase name="homePageVerify" time="12.071" classname="com.ecomm.TestCase.AP.HomeTest2"/>
  <testcase name="addFirstProductToCart" time="0.731" classname="com.ecomm.TestCase.AP.HomeTest2"/>
  <testcase name="verifyProductAddedPageLayout" time="16.051" classname="com.ecomm.TestCase.AP.HomeTest2"/>
</testsuite> <!-- HomeTests -->
